<html>
<head>
<title>TestNG:  Surefire test</title>
<link href="../testng.css" rel="stylesheet" type="text/css" />
<link href="../my-testng.css" rel="stylesheet" type="text/css" />

<style type="text/css">
.log { display: none;} 
.stack-trace { display: none;} 
</style>
<script type="text/javascript">
<!--
function flip(e) {
  current = e.style.display;
  if (current == 'block') {
    e.style.display = 'none';
    return 0;
  }
  else {
    e.style.display = 'block';
    return 1;
  }
}

function toggleBox(szDivId, elem, msg1, msg2)
{
  var res = -1;  if (document.getElementById) {
    res = flip(document.getElementById(szDivId));
  }
  else if (document.all) {
    // this is the way old msie versions work
    res = flip(document.all[szDivId]);
  }
  if(elem) {
    if(res == 0) elem.innerHTML = msg1; else elem.innerHTML = msg2;
  }

}

function toggleAllBoxes() {
  if (document.getElementsByTagName) {
    d = document.getElementsByTagName('div');
    for (i = 0; i < d.length; i++) {
      if (d[i].className == 'log') {
        flip(d[i]);
      }
    }
  }
}

// -->
</script>

</head>
<body>
<h2 align='center'>Surefire test</h2><table border='1' align="center">
<tr>
<td>Tests passed/Failed/Skipped:</td><td>7/2/1</td>
</tr><tr>
<td>Started on:</td><td>Mon Aug 25 15:16:12 IST 2025</td>
</tr>
<tr><td>Total time:</td><td>121 seconds (121575 ms)</td>
</tr><tr>
<td>Included groups:</td><td></td>
</tr><tr>
<td>Excluded groups:</td><td></td>
</tr>
</table><p/>
<small><i>(Hover the method name to see the test class name)</i></small><p/>
<table width='100%' border='1' class='invocation-failed'>
<tr><td colspan='4' align='center'><b>FAILED TESTS</b></td></tr>
<tr><td><b>Test method</b></td>
<td><b>Attribute(s)</b></td>
<td width="30%"><b>Exception</b></td>
<td width="10%"><b>Time (seconds)</b></td>
<td><b>Instance</b></td>
</tr>
<tr>
<td title='com.phoenix.tests.api.EmployeeApiTest.createEmployee()'><b>createEmployee</b><br>Test class: com.phoenix.tests.api.EmployeeApiTest</td>
<td><div><pre>java.lang.RuntimeException: Failed after retries
	at com.phoenix.tests.api.EmployeeApiTest.withRetry(EmployeeApiTest.java:43)
	at com.phoenix.tests.api.EmployeeApiTest.createEmployee(EmployeeApiTest.java:67)
	at java.base/java.util.ArrayList.forEach(ArrayList.java:1604)
... Removed 30 stack frames</pre></div><a href='#' onClick='toggleBox("stack-trace196237139", this, "Click to show all stack frames", "Click to hide stack frames")'>Click to show all stack frames</a>
<div class='stack-trace' id='stack-trace196237139'><pre>java.lang.RuntimeException: Failed after retries
	at com.phoenix.tests.api.EmployeeApiTest.withRetry(EmployeeApiTest.java:43)
	at com.phoenix.tests.api.EmployeeApiTest.createEmployee(EmployeeApiTest.java:67)
	at java.base/jdk.internal.reflect.DirectMethodHandleAccessor.invoke(DirectMethodHandleAccessor.java:104)
	at java.base/java.lang.reflect.Method.invoke(Method.java:565)
	at org.testng.internal.invokers.MethodInvocationHelper.invokeMethod(MethodInvocationHelper.java:141)
	at org.testng.internal.invokers.TestInvoker.invokeMethod(TestInvoker.java:686)
	at org.testng.internal.invokers.TestInvoker.invokeTestMethod(TestInvoker.java:230)
	at org.testng.internal.invokers.MethodRunner.runInSequence(MethodRunner.java:63)
	at org.testng.internal.invokers.TestInvoker$MethodInvocationAgent.invoke(TestInvoker.java:992)
	at org.testng.internal.invokers.TestInvoker.invokeTestMethods(TestInvoker.java:203)
	at org.testng.internal.invokers.TestMethodWorker.invokeTestMethods(TestMethodWorker.java:154)
	at org.testng.internal.invokers.TestMethodWorker.run(TestMethodWorker.java:134)
	at java.base/java.util.ArrayList.forEach(ArrayList.java:1604)
	at org.testng.TestRunner.privateRun(TestRunner.java:739)
	at org.testng.TestRunner.run(TestRunner.java:614)
	at org.testng.SuiteRunner.runTest(SuiteRunner.java:421)
	at org.testng.SuiteRunner.runSequentially(SuiteRunner.java:413)
	at org.testng.SuiteRunner.privateRun(SuiteRunner.java:373)
	at org.testng.SuiteRunner.run(SuiteRunner.java:312)
	at org.testng.SuiteRunnerWorker.runSuite(SuiteRunnerWorker.java:52)
	at org.testng.SuiteRunnerWorker.run(SuiteRunnerWorker.java:95)
	at org.testng.TestNG.runSuitesSequentially(TestNG.java:1274)
	at org.testng.TestNG.runSuitesLocally(TestNG.java:1208)
	at org.testng.TestNG.runSuites(TestNG.java:1112)
	at org.testng.TestNG.run(TestNG.java:1079)
	at org.apache.maven.surefire.testng.TestNGExecutor.run(TestNGExecutor.java:155)
	at org.apache.maven.surefire.testng.TestNGDirectoryTestSuite.executeMulti(TestNGDirectoryTestSuite.java:169)
	at org.apache.maven.surefire.testng.TestNGDirectoryTestSuite.execute(TestNGDirectoryTestSuite.java:88)
	at org.apache.maven.surefire.testng.TestNGProvider.invoke(TestNGProvider.java:137)
	at org.apache.maven.surefire.booter.ForkedBooter.runSuitesInProcess(ForkedBooter.java:385)
	at org.apache.maven.surefire.booter.ForkedBooter.execute(ForkedBooter.java:162)
	at org.apache.maven.surefire.booter.ForkedBooter.run(ForkedBooter.java:507)
	at org.apache.maven.surefire.booter.ForkedBooter.main(ForkedBooter.java:495)
</pre></div></td>
<td>26</td>
<td>com.phoenix.tests.api.EmployeeApiTest@96def03</td></tr>
<tr>
<td title='com.phoenix.tests.ui.PIMFlowTest.testDeleteEmpRecord()'><b>testDeleteEmpRecord</b><br>Test class: com.phoenix.tests.ui.PIMFlowTest</td>
<td><div><pre>java.lang.AssertionError: After delete, no record found expected [true] but found [false]
	at com.phoenix.tests.ui.PIMFlowTest.testDeleteEmpRecord(PIMFlowTest.java:68)
	at java.base/java.util.ArrayList.forEach(ArrayList.java:1604)
... Removed 33 stack frames</pre></div><a href='#' onClick='toggleBox("stack-trace349242154", this, "Click to show all stack frames", "Click to hide stack frames")'>Click to show all stack frames</a>
<div class='stack-trace' id='stack-trace349242154'><pre>java.lang.AssertionError: After delete, no record found expected [true] but found [false]
	at org.testng.Assert.fail(Assert.java:111)
	at org.testng.Assert.failNotEquals(Assert.java:1578)
	at org.testng.Assert.assertTrue(Assert.java:57)
	at com.phoenix.tests.ui.PIMFlowTest.testDeleteEmpRecord(PIMFlowTest.java:68)
	at java.base/jdk.internal.reflect.DirectMethodHandleAccessor.invoke(DirectMethodHandleAccessor.java:104)
	at java.base/java.lang.reflect.Method.invoke(Method.java:565)
	at org.testng.internal.invokers.MethodInvocationHelper.invokeMethod(MethodInvocationHelper.java:141)
	at org.testng.internal.invokers.TestInvoker.invokeMethod(TestInvoker.java:686)
	at org.testng.internal.invokers.TestInvoker.invokeTestMethod(TestInvoker.java:230)
	at org.testng.internal.invokers.MethodRunner.runInSequence(MethodRunner.java:63)
	at org.testng.internal.invokers.TestInvoker$MethodInvocationAgent.invoke(TestInvoker.java:992)
	at org.testng.internal.invokers.TestInvoker.invokeTestMethods(TestInvoker.java:203)
	at org.testng.internal.invokers.TestMethodWorker.invokeTestMethods(TestMethodWorker.java:154)
	at org.testng.internal.invokers.TestMethodWorker.run(TestMethodWorker.java:134)
	at java.base/java.util.ArrayList.forEach(ArrayList.java:1604)
	at org.testng.TestRunner.privateRun(TestRunner.java:739)
	at org.testng.TestRunner.run(TestRunner.java:614)
	at org.testng.SuiteRunner.runTest(SuiteRunner.java:421)
	at org.testng.SuiteRunner.runSequentially(SuiteRunner.java:413)
	at org.testng.SuiteRunner.privateRun(SuiteRunner.java:373)
	at org.testng.SuiteRunner.run(SuiteRunner.java:312)
	at org.testng.SuiteRunnerWorker.runSuite(SuiteRunnerWorker.java:52)
	at org.testng.SuiteRunnerWorker.run(SuiteRunnerWorker.java:95)
	at org.testng.TestNG.runSuitesSequentially(TestNG.java:1274)
	at org.testng.TestNG.runSuitesLocally(TestNG.java:1208)
	at org.testng.TestNG.runSuites(TestNG.java:1112)
	at org.testng.TestNG.run(TestNG.java:1079)
	at org.apache.maven.surefire.testng.TestNGExecutor.run(TestNGExecutor.java:155)
	at org.apache.maven.surefire.testng.TestNGDirectoryTestSuite.executeMulti(TestNGDirectoryTestSuite.java:169)
	at org.apache.maven.surefire.testng.TestNGDirectoryTestSuite.execute(TestNGDirectoryTestSuite.java:88)
	at org.apache.maven.surefire.testng.TestNGProvider.invoke(TestNGProvider.java:137)
	at org.apache.maven.surefire.booter.ForkedBooter.runSuitesInProcess(ForkedBooter.java:385)
	at org.apache.maven.surefire.booter.ForkedBooter.execute(ForkedBooter.java:162)
	at org.apache.maven.surefire.booter.ForkedBooter.run(ForkedBooter.java:507)
	at org.apache.maven.surefire.booter.ForkedBooter.main(ForkedBooter.java:495)
</pre></div></td>
<td>37</td>
<td>com.phoenix.tests.ui.PIMFlowTest@3cc2931c</td></tr>
</table><p>
<table width='100%' border='1' class='invocation-passed'>
<tr><td colspan='4' align='center'><b>PASSED TESTS</b></td></tr>
<tr><td><b>Test method</b></td>
<td><b>Attribute(s)</b></td>
<td width="30%"><b>Exception</b></td>
<td width="10%"><b>Time (seconds)</b></td>
<td><b>Instance</b></td>
</tr>
<tr>
<td title='com.phoenix.tests.ui.AdminLoginTest.testAdmLogin()'><b>testAdmLogin</b><br>Test class: com.phoenix.tests.ui.AdminLoginTest</td>
<td></td>
<td>3</td>
<td>com.phoenix.tests.ui.AdminLoginTest@59d016c9</td></tr>
<tr>
<td title='com.phoenix.tests.api.EmployeeApiTest.getEmployees()'><b>getEmployees</b><br>Test class: com.phoenix.tests.api.EmployeeApiTest</td>
<td></td>
<td>4</td>
<td>com.phoenix.tests.api.EmployeeApiTest@96def03</td></tr>
<tr>
<td title='com.phoenix.tests.ui.PIMFlowTest.testEditEmpInfo()'><b>testEditEmpInfo</b><br>Test class: com.phoenix.tests.ui.PIMFlowTest</td>
<td></td>
<td>3</td>
<td>com.phoenix.tests.ui.PIMFlowTest@3cc2931c</td></tr>
<tr>
<td title='com.phoenix.tests.ui.PIMFlowTest.testAddEmp()'><b>testAddEmp</b><br>Test class: com.phoenix.tests.ui.PIMFlowTest<br>Parameters: Ravi, K, Sharma</td>
<td></td>
<td>5</td>
<td>com.phoenix.tests.ui.PIMFlowTest@3cc2931c</td></tr>
<tr>
<td title='com.phoenix.tests.ui.PIMFlowTest.preLogin()'><b>preLogin</b><br>Test class: com.phoenix.tests.ui.PIMFlowTest</td>
<td></td>
<td>8</td>
<td>com.phoenix.tests.ui.PIMFlowTest@3cc2931c</td></tr>
<tr>
<td title='com.phoenix.tests.ui.PIMFlowTest.testAddEmp()'><b>testAddEmp</b><br>Test class: com.phoenix.tests.ui.PIMFlowTest<br>Parameters: Neha, P, Shaha</td>
<td></td>
<td>4</td>
<td>com.phoenix.tests.ui.PIMFlowTest@3cc2931c</td></tr>
<tr>
<td title='com.phoenix.tests.ui.PIMFlowTest.searchAndValEmp()'><b>searchAndValEmp</b><br>Test class: com.phoenix.tests.ui.PIMFlowTest</td>
<td></td>
<td>11</td>
<td>com.phoenix.tests.ui.PIMFlowTest@3cc2931c</td></tr>
</table><p>
<table width='100%' border='1' class='invocation-skipped'>
<tr><td colspan='4' align='center'><b>SKIPPED TESTS</b></td></tr>
<tr><td><b>Test method</b></td>
<td><b>Attribute(s)</b></td>
<td width="30%"><b>Exception</b></td>
<td width="10%"><b>Time (seconds)</b></td>
<td><b>Instance</b></td>
</tr>
<tr>
<td title='com.phoenix.tests.api.EmployeeApiTest.deleteEmployee()'><b>deleteEmployee</b><br>Test class: com.phoenix.tests.api.EmployeeApiTest</td>
<td><div><pre>java.lang.Throwable: Method com.phoenix.tests.api.EmployeeApiTest.deleteEmployee() on instance com.phoenix.tests.api.EmployeeApiTest@96def03 depends on not successfully finished methods 
[com.phoenix.tests.api.EmployeeApiTest.createEmployee() on instance com.phoenix.tests.api.EmployeeApiTest@96def03]
	at java.base/java.util.ArrayList.forEach(ArrayList.java:1604)
... Removed 23 stack frames</pre></div><a href='#' onClick='toggleBox("stack-trace1726092648", this, "Click to show all stack frames", "Click to hide stack frames")'>Click to show all stack frames</a>
<div class='stack-trace' id='stack-trace1726092648'><pre>java.lang.Throwable: Method com.phoenix.tests.api.EmployeeApiTest.deleteEmployee() on instance com.phoenix.tests.api.EmployeeApiTest@96def03 depends on not successfully finished methods 
[com.phoenix.tests.api.EmployeeApiTest.createEmployee() on instance com.phoenix.tests.api.EmployeeApiTest@96def03]
	at org.testng.internal.invokers.TestInvoker.invokeTestMethods(TestInvoker.java:159)
	at org.testng.internal.invokers.TestMethodWorker.invokeTestMethods(TestMethodWorker.java:154)
	at org.testng.internal.invokers.TestMethodWorker.run(TestMethodWorker.java:134)
	at java.base/java.util.ArrayList.forEach(ArrayList.java:1604)
	at org.testng.TestRunner.privateRun(TestRunner.java:739)
	at org.testng.TestRunner.run(TestRunner.java:614)
	at org.testng.SuiteRunner.runTest(SuiteRunner.java:421)
	at org.testng.SuiteRunner.runSequentially(SuiteRunner.java:413)
	at org.testng.SuiteRunner.privateRun(SuiteRunner.java:373)
	at org.testng.SuiteRunner.run(SuiteRunner.java:312)
	at org.testng.SuiteRunnerWorker.runSuite(SuiteRunnerWorker.java:52)
	at org.testng.SuiteRunnerWorker.run(SuiteRunnerWorker.java:95)
	at org.testng.TestNG.runSuitesSequentially(TestNG.java:1274)
	at org.testng.TestNG.runSuitesLocally(TestNG.java:1208)
	at org.testng.TestNG.runSuites(TestNG.java:1112)
	at org.testng.TestNG.run(TestNG.java:1079)
	at org.apache.maven.surefire.testng.TestNGExecutor.run(TestNGExecutor.java:155)
	at org.apache.maven.surefire.testng.TestNGDirectoryTestSuite.executeMulti(TestNGDirectoryTestSuite.java:169)
	at org.apache.maven.surefire.testng.TestNGDirectoryTestSuite.execute(TestNGDirectoryTestSuite.java:88)
	at org.apache.maven.surefire.testng.TestNGProvider.invoke(TestNGProvider.java:137)
	at org.apache.maven.surefire.booter.ForkedBooter.runSuitesInProcess(ForkedBooter.java:385)
	at org.apache.maven.surefire.booter.ForkedBooter.execute(ForkedBooter.java:162)
	at org.apache.maven.surefire.booter.ForkedBooter.run(ForkedBooter.java:507)
	at org.apache.maven.surefire.booter.ForkedBooter.main(ForkedBooter.java:495)
</pre></div></td>
<td>0</td>
<td>com.phoenix.tests.api.EmployeeApiTest@96def03</td></tr>
</table><p>
</body>
</html>